<?xml version="1.0" encoding="UTF-8"?>
<!-- Generated by org.testng.reporters.JUnitReportReporter -->
<testsuite skipped="0" hostname="Davidoff" name="TestSanity.spotify" tests="1" failures="0" timestamp="02 אוג 2021 10:11:37 GMT" time="7.085" errors="0">
  <testcase name="Test01_login" time="7.085" classname="TestSanity.spotify"/>
</testsuite> <!-- TestSanity.spotify -->
