<?xml version="1.0" encoding="UTF-8"?>
<!-- Generated by org.testng.reporters.JUnitReportReporter -->
<testsuite name="TestSanity.spotify" tests="1" time="9.424" ignored="0" failures="0" timestamp="15 אוג 2021 20:56:02 GMT" skipped="0" hostname="Davidoff" errors="0">
  <testcase name="Test01_login" time="9.424" classname="TestSanity.spotify"/>
</testsuite> <!-- TestSanity.spotify -->
