<?xml version="1.0" encoding="UTF-8"?>
<!-- Generated by org.testng.reporters.JUnitReportReporter -->
<testsuite skipped="0" hostname="DESKTOP-7U1EUSE" name="TestSanity.EriBank" tests="1" failures="0" timestamp="28 דצמ 2019 14:23:46 GMT" time="3.530" errors="0">
  <testcase name="Test01_loginEriBank" time="3.530" classname="TestSanity.EriBank"/>
</testsuite> <!-- TestSanity.EriBank -->
